#
# There is insufficient memory for the Java Runtime Environment to continue.
# Native memory allocation (mmap) failed to map 65536 bytes for Failed to commit metaspace.
# Possible reasons:
#   The system is out of physical RAM or swap space
#   The process is running with CompressedOops enabled, and the Java Heap may be blocking the growth of the native heap
# Possible solutions:
#   Reduce memory load on the system
#   Increase physical memory or swap space
#   Check if swap backing store is full
#   Decrease Java heap size (-Xmx/-Xms)
#   Decrease number of Java threads
#   Decrease Java thread stack sizes (-Xss)
#   Set larger code cache with -XX:ReservedCodeCacheSize=
#   JVM is running with Zero Based Compressed Oops mode in which the Java heap is
#     placed in the first 32GB address space. The Java Heap base address is the
#     maximum limit for the native heap growth. Please use -XX:HeapBaseMinAddress
#     to set the Java Heap base and to place the Java Heap above 32GB virtual address.
# This output file may be truncated or incomplete.
#
#  Out of Memory Error (virtualSpaceNode.cpp:110), pid=22292, tid=21916
#
# JRE version: Java(TM) SE Runtime Environment (17.0.8+9) (build 17.0.8+9-LTS-211)
# Java VM: Java HotSpot(TM) 64-Bit Server VM (17.0.8+9-LTS-211, mixed mode, emulated-client, sharing, tiered, compressed oops, compressed class ptrs, g1 gc, windows-amd64)
# No core dump will be written. Minidumps are not enabled by default on client versions of Windows
#

---------------  S U M M A R Y ------------

Command Line: -Dcom.sun.management.jmxremote -Dcom.sun.management.jmxremote.port=50650 -Dcom.sun.management.jmxremote.authenticate=false -Dcom.sun.management.jmxremote.ssl=false -Djava.rmi.server.hostname=localhost -Dspring.jmx.enabled=true -Dmanagement.endpoints.jmx.exposure.include=* -Dspring.application.admin.enabled=true -XX:TieredStopAtLevel=1 -Dspring.boot.project.name=BACK -Dfile.encoding=UTF-8 -Dstdout.encoding=UTF-8 -Dstderr.encoding=UTF-8 -XX:+ShowCodeDetailsInExceptionMessages com.pruebaOL.demo.PruebaolApplication --spring.output.ansi.enabled=always

Host: AMD Ryzen 7 3700U with Radeon Vega Mobile Gfx  , 8 cores, 9G,  Windows 10 , 64 bit Build 19041 (10.0.19041.1706)
Time: Sun Jan  5 11:47:52 2025 Hora est. Pacífico, Sudamérica elapsed time: 1.050347 seconds (0d 0h 0m 1s)

---------------  T H R E A D  ---------------

Current thread (0x000001c5f93123a0):  JavaThread "main" [_thread_in_vm, id=21916, stack(0x0000002819b00000,0x0000002819c00000)]

Stack: [0x0000002819b00000,0x0000002819c00000]
Native frames: (J=compiled Java code, j=interpreted, Vv=VM code, C=native code)
V  [jvm.dll+0x677d0a]
V  [jvm.dll+0x7d8c54]
V  [jvm.dll+0x7da3fe]
V  [jvm.dll+0x7daa63]
V  [jvm.dll+0x245c5f]
V  [jvm.dll+0x7d4d5b]
V  [jvm.dll+0x61dcf6]
V  [jvm.dll+0x1c0127]
V  [jvm.dll+0x620650]
V  [jvm.dll+0x61e6b6]
V  [jvm.dll+0x23a29f]
V  [jvm.dll+0x628445]
V  [jvm.dll+0x1e9bdd]
V  [jvm.dll+0x1ea1a5]
V  [jvm.dll+0x1eaaeb]
V  [jvm.dll+0x1e02f1]
V  [jvm.dll+0x53ddbc]
V  [jvm.dll+0x753768]
V  [jvm.dll+0x753854]
V  [jvm.dll+0x40ba4f]
V  [jvm.dll+0x411a69]
C  [java.dll+0x17ec]

Java frames: (J=compiled Java code, j=interpreted, Vv=VM code)
J 1165  java.lang.ClassLoader.defineClass1(Ljava/lang/ClassLoader;Ljava/lang/String;[BIILjava/security/ProtectionDomain;Ljava/lang/String;)Ljava/lang/Class; java.base@17.0.8 (0 bytes) @ 0x000001c5f971f463 [0x000001c5f971f3a0+0x00000000000000c3]
j  java.lang.ClassLoader.defineClass(Ljava/lang/String;[BIILjava/security/ProtectionDomain;)Ljava/lang/Class;+27 java.base@17.0.8
J 1171 c1 jdk.internal.loader.BuiltinClassLoader.defineClass(Ljava/lang/String;Ljdk/internal/loader/Resource;)Ljava/lang/Class; java.base@17.0.8 (121 bytes) @ 0x000001c5f97277f4 [0x000001c5f9727320+0x00000000000004d4]
J 1168 c1 jdk.internal.loader.BuiltinClassLoader.findClassOnClassPathOrNull(Ljava/lang/String;)Ljava/lang/Class; java.base@17.0.8 (64 bytes) @ 0x000001c5f9725f44 [0x000001c5f9725c80+0x00000000000002c4]
J 970 c1 jdk.internal.loader.BuiltinClassLoader.loadClassOrNull(Ljava/lang/String;Z)Ljava/lang/Class; java.base@17.0.8 (143 bytes) @ 0x000001c5f96d1104 [0x000001c5f96d0c80+0x0000000000000484]
J 1100 c1 jdk.internal.loader.ClassLoaders$AppClassLoader.loadClass(Ljava/lang/String;Z)Ljava/lang/Class; java.base@17.0.8 (40 bytes) @ 0x000001c5f970ccac [0x000001c5f970cb60+0x000000000000014c]
J 1099 c1 java.lang.ClassLoader.loadClass(Ljava/lang/String;)Ljava/lang/Class; java.base@17.0.8 (7 bytes) @ 0x000001c5f970c464 [0x000001c5f970c420+0x0000000000000044]
v  ~StubRoutines::call_stub
J 966  java.lang.Class.forName0(Ljava/lang/String;ZLjava/lang/ClassLoader;Ljava/lang/Class;)Ljava/lang/Class; java.base@17.0.8 (0 bytes) @ 0x000001c5f96ce32f [0x000001c5f96ce2a0+0x000000000000008f]
J 969 c1 java.lang.Class.forName(Ljava/lang/String;ZLjava/lang/ClassLoader;)Ljava/lang/Class; java.base@17.0.8 (47 bytes) @ 0x000001c5f96cf33c [0x000001c5f96cf240+0x00000000000000fc]
j  org.springframework.util.ClassUtils.forName(Ljava/lang/String;Ljava/lang/ClassLoader;)Ljava/lang/Class;+164
j  org.springframework.core.io.support.SpringFactoriesLoader.instantiateFactory(Ljava/lang/String;Ljava/lang/Class;Lorg/springframework/core/io/support/SpringFactoriesLoader$ArgumentResolver;Lorg/springframework/core/io/support/SpringFactoriesLoader$FailureHandler;)Ljava/lang/Object;+5
j  org.springframework.core.io.support.SpringFactoriesLoader.load(Ljava/lang/Class;Lorg/springframework/core/io/support/SpringFactoriesLoader$ArgumentResolver;Lorg/springframework/core/io/support/SpringFactoriesLoader$FailureHandler;)Ljava/util/List;+99
j  org.springframework.core.io.support.SpringFactoriesLoader.load(Ljava/lang/Class;Lorg/springframework/core/io/support/SpringFactoriesLoader$ArgumentResolver;)Ljava/util/List;+4
j  org.springframework.boot.SpringApplication.getSpringFactoriesInstances(Ljava/lang/Class;Lorg/springframework/core/io/support/SpringFactoriesLoader$ArgumentResolver;)Ljava/util/List;+9
j  org.springframework.boot.SpringApplication.getSpringFactoriesInstances(Ljava/lang/Class;)Ljava/util/List;+3
j  org.springframework.boot.SpringApplication.<init>(Lorg/springframework/core/io/ResourceLoader;[Ljava/lang/Class;)V+123
j  org.springframework.boot.SpringApplication.<init>([Ljava/lang/Class;)V+3
j  org.springframework.boot.SpringApplication.run([Ljava/lang/Class;[Ljava/lang/String;)Lorg/springframework/context/ConfigurableApplicationContext;+5
j  org.springframework.boot.SpringApplication.run(Ljava/lang/Class;[Ljava/lang/String;)Lorg/springframework/context/ConfigurableApplicationContext;+9
j  com.pruebaOL.demo.PruebaolApplication.main([Ljava/lang/String;)V+3
v  ~StubRoutines::call_stub

---------------  P R O C E S S  ---------------

Threads class SMR info:
_java_thread_list=0x000001c5d224cec0, length=15, elements={
0x000001c5f93123a0, 0x000001c58c657be0, 0x000001c58c658960, 0x000001c58c66e980,
0x000001c58c671250, 0x000001c58c671d20, 0x000001c58c672e00, 0x000001c58c67c820,
0x000001c58c6958f0, 0x000001c58c6426f0, 0x000001c58c898080, 0x000001c58c8d8220,
0x000001c5d2251bd0, 0x000001c5d21faec0, 0x000001c5d22010c0
}

Java Threads: ( => current thread )
=>0x000001c5f93123a0 JavaThread "main" [_thread_in_vm, id=21916, stack(0x0000002819b00000,0x0000002819c00000)]
  0x000001c58c657be0 JavaThread "Reference Handler" daemon [_thread_blocked, id=19840, stack(0x000000281a200000,0x000000281a300000)]
  0x000001c58c658960 JavaThread "Finalizer" daemon [_thread_blocked, id=19576, stack(0x000000281a300000,0x000000281a400000)]
  0x000001c58c66e980 JavaThread "Signal Dispatcher" daemon [_thread_blocked, id=11700, stack(0x000000281a400000,0x000000281a500000)]
  0x000001c58c671250 JavaThread "Attach Listener" daemon [_thread_blocked, id=6936, stack(0x000000281a500000,0x000000281a600000)]
  0x000001c58c671d20 JavaThread "Service Thread" daemon [_thread_blocked, id=22412, stack(0x000000281a600000,0x000000281a700000)]
  0x000001c58c672e00 JavaThread "Monitor Deflation Thread" daemon [_thread_blocked, id=15364, stack(0x000000281a700000,0x000000281a800000)]
  0x000001c58c67c820 JavaThread "C1 CompilerThread0" daemon [_thread_blocked, id=2632, stack(0x000000281a800000,0x000000281a900000)]
  0x000001c58c6958f0 JavaThread "Sweeper thread" daemon [_thread_blocked, id=18068, stack(0x000000281a900000,0x000000281aa00000)]
  0x000001c58c6426f0 JavaThread "Common-Cleaner" daemon [_thread_blocked, id=18664, stack(0x000000281aa00000,0x000000281ab00000)]
  0x000001c58c898080 JavaThread "C1 CompilerThread1" daemon [_thread_blocked, id=20944, stack(0x000000281ab00000,0x000000281ac00000)]
  0x000001c58c8d8220 JavaThread "Notification Thread" daemon [_thread_blocked, id=2888, stack(0x000000281ac00000,0x000000281ad00000)]
  0x000001c5d2251bd0 JavaThread "RMI TCP Accept-0" daemon [_thread_in_native, id=5968, stack(0x000000281ad00000,0x000000281ae00000)]
  0x000001c5d21faec0 JavaThread "RMI TCP Accept-50650" daemon [_thread_in_native, id=11436, stack(0x000000281ae00000,0x000000281af00000)]
  0x000001c5d22010c0 JavaThread "RMI TCP Accept-0" daemon [_thread_in_native, id=1392, stack(0x000000281af00000,0x000000281b000000)]

Other Threads:
  0x000001c58c6513d0 VMThread "VM Thread" [stack: 0x000000281a100000,0x000000281a200000] [id=16464]
  0x000001c5f9375470 WatcherThread [stack: 0x000000281b000000,0x000000281b100000] [id=15792]
  0x000001c5f9361050 GCTaskThread "GC Thread#0" [stack: 0x0000002819c00000,0x0000002819d00000] [id=20676]
  0x000001c5d25a4c70 GCTaskThread "GC Thread#1" [stack: 0x000000281b100000,0x000000281b200000] [id=15456]
  0x000001c5d25a6fb0 GCTaskThread "GC Thread#2" [stack: 0x000000281b200000,0x000000281b300000] [id=9692]
  0x000001c5d261e7f0 GCTaskThread "GC Thread#3" [stack: 0x000000281b300000,0x000000281b400000] [id=21332]
  0x000001c5d261eeb0 GCTaskThread "GC Thread#4" [stack: 0x000000281b400000,0x000000281b500000] [id=6200]
  0x000001c5d261f160 GCTaskThread "GC Thread#5" [stack: 0x000000281b500000,0x000000281b600000] [id=11356]
  0x000001c5d261f410 GCTaskThread "GC Thread#6" [stack: 0x000000281b600000,0x000000281b700000] [id=2620]
  0x000001c5f936cdf0 ConcurrentGCThread "G1 Main Marker" [stack: 0x0000002819d00000,0x0000002819e00000] [id=22088]
  0x000001c5f936deb0 ConcurrentGCThread "G1 Conc#0" [stack: 0x0000002819e00000,0x0000002819f00000] [id=5444]
  0x000001c58c510090 ConcurrentGCThread "G1 Refine#0" [stack: 0x0000002819f00000,0x000000281a000000] [id=13776]
  0x000001c5d25a7260 ConcurrentGCThread "G1 Refine#1" [stack: 0x000000281b700000,0x000000281b800000] [id=12184]
  0x000001c58c5108c0 ConcurrentGCThread "G1 Service" [stack: 0x000000281a000000,0x000000281a100000] [id=17292]

Threads with active compile tasks:

VM state: not at safepoint (normal execution)

VM Mutex/Monitor currently owned by a thread:  ([mutex/lock_event])
[0x000001c5f930b390] Metaspace_lock - owner thread: 0x000001c5f93123a0

Heap address: 0x0000000760c00000, size: 2548 MB, Compressed Oops mode: Zero based, Oop shift amount: 3

CDS archive(s) mapped at: [0x000001c58d000000-0x000001c58dbd0000-0x000001c58dbd0000), size 12386304, SharedBaseAddress: 0x000001c58d000000, ArchiveRelocationMode: 1.
Compressed class space mapped at: 0x000001c58e000000-0x000001c5ce000000, reserved size: 1073741824
Narrow klass base: 0x000001c58d000000, Narrow klass shift: 0, Narrow klass range: 0x100000000

GC Precious Log:
 CPUs: 8 total, 8 available
 Memory: 10186M
 Large Page Support: Disabled
 NUMA Support: Disabled
 Compressed Oops: Enabled (Zero based)
 Heap Region Size: 2M
 Heap Min Capacity: 8M
 Heap Initial Capacity: 160M
 Heap Max Capacity: 2548M
 Pre-touch: Disabled
 Parallel Workers: 8
 Concurrent Workers: 2
 Concurrent Refinement Workers: 8
 Periodic GC: Disabled

Heap:
 garbage-first heap   total 163840K, used 9109K [0x0000000760c00000, 0x0000000800000000)
  region size 2048K, 3 young (6144K), 2 survivors (4096K)
 Metaspace       used 6342K, committed 6528K, reserved 1114112K
  class space    used 797K, committed 896K, reserved 1048576K

Heap Regions: E=young(eden), S=young(survivor), O=old, HS=humongous(starts), HC=humongous(continues), CS=collection set, F=free, OA=open archive, CA=closed archive, TAMS=top-at-mark-start (previous, next)
|   0|0x0000000760c00000, 0x0000000760e00000, 0x0000000760e00000|100%| O|  |TAMS 0x0000000760c00000, 0x0000000760c00000| Untracked 
|   1|0x0000000760e00000, 0x0000000761000000, 0x0000000761000000|100%| O|  |TAMS 0x0000000760e00000, 0x0000000760e00000| Untracked 
|   2|0x0000000761000000, 0x00000007610e5600, 0x0000000761200000| 44%| O|  |TAMS 0x0000000761000000, 0x0000000761000000| Untracked 
|   3|0x0000000761200000, 0x0000000761200000, 0x0000000761400000|  0%| F|  |TAMS 0x0000000761200000, 0x0000000761200000| Untracked 
|   4|0x0000000761400000, 0x0000000761400000, 0x0000000761600000|  0%| F|  |TAMS 0x0000000761400000, 0x0000000761400000| Untracked 
|   5|0x0000000761600000, 0x0000000761600000, 0x0000000761800000|  0%| F|  |TAMS 0x0000000761600000, 0x0000000761600000| Untracked 
|   6|0x0000000761800000, 0x0000000761800000, 0x0000000761a00000|  0%| F|  |TAMS 0x0000000761800000, 0x0000000761800000| Untracked 
|   7|0x0000000761a00000, 0x0000000761a00000, 0x0000000761c00000|  0%| F|  |TAMS 0x0000000761a00000, 0x0000000761a00000| Untracked 
|   8|0x0000000761c00000, 0x0000000761c00000, 0x0000000761e00000|  0%| F|  |TAMS 0x0000000761c00000, 0x0000000761c00000| Untracked 
|   9|0x0000000761e00000, 0x0000000761e00000, 0x0000000762000000|  0%| F|  |TAMS 0x0000000761e00000, 0x0000000761e00000| Untracked 
|  10|0x0000000762000000, 0x0000000762000000, 0x0000000762200000|  0%| F|  |TAMS 0x0000000762000000, 0x0000000762000000| Untracked 
|  11|0x0000000762200000, 0x0000000762200000, 0x0000000762400000|  0%| F|  |TAMS 0x0000000762200000, 0x0000000762200000| Untracked 
|  12|0x0000000762400000, 0x0000000762400000, 0x0000000762600000|  0%| F|  |TAMS 0x0000000762400000, 0x0000000762400000| Untracked 
|  13|0x0000000762600000, 0x0000000762600000, 0x0000000762800000|  0%| F|  |TAMS 0x0000000762600000, 0x0000000762600000| Untracked 
|  14|0x0000000762800000, 0x0000000762800000, 0x0000000762a00000|  0%| F|  |TAMS 0x0000000762800000, 0x0000000762800000| Untracked 
|  15|0x0000000762a00000, 0x0000000762a00000, 0x0000000762c00000|  0%| F|  |TAMS 0x0000000762a00000, 0x0000000762a00000| Untracked 
|  16|0x0000000762c00000, 0x0000000762c00000, 0x0000000762e00000|  0%| F|  |TAMS 0x0000000762c00000, 0x0000000762c00000| Untracked 
|  17|0x0000000762e00000, 0x0000000762e00000, 0x0000000763000000|  0%| F|  |TAMS 0x0000000762e00000, 0x0000000762e00000| Untracked 
|  18|0x0000000763000000, 0x0000000763000000, 0x0000000763200000|  0%| F|  |TAMS 0x0000000763000000, 0x0000000763000000| Untracked 
|  19|0x0000000763200000, 0x0000000763200000, 0x0000000763400000|  0%| F|  |TAMS 0x0000000763200000, 0x0000000763200000| Untracked 
|  20|0x0000000763400000, 0x0000000763400000, 0x0000000763600000|  0%| F|  |TAMS 0x0000000763400000, 0x0000000763400000| Untracked 
|  21|0x0000000763600000, 0x0000000763600000, 0x0000000763800000|  0%| F|  |TAMS 0x0000000763600000, 0x0000000763600000| Untracked 
|  22|0x0000000763800000, 0x0000000763800000, 0x0000000763a00000|  0%| F|  |TAMS 0x0000000763800000, 0x0000000763800000| Untracked 
|  23|0x0000000763a00000, 0x0000000763a00000, 0x0000000763c00000|  0%| F|  |TAMS 0x0000000763a00000, 0x0000000763a00000| Untracked 
|  24|0x0000000763c00000, 0x0000000763c00000, 0x0000000763e00000|  0%| F|  |TAMS 0x0000000763c00000, 0x0000000763c00000| Untracked 
|  25|0x0000000763e00000, 0x0000000763e00000, 0x0000000764000000|  0%| F|  |TAMS 0x0000000763e00000, 0x0000000763e00000| Untracked 
|  26|0x0000000764000000, 0x0000000764000000, 0x0000000764200000|  0%| F|  |TAMS 0x0000000764000000, 0x0000000764000000| Untracked 
|  27|0x0000000764200000, 0x0000000764200000, 0x0000000764400000|  0%| F|  |TAMS 0x0000000764200000, 0x0000000764200000| Untracked 
|  28|0x0000000764400000, 0x0000000764400000, 0x0000000764600000|  0%| F|  |TAMS 0x0000000764400000, 0x0000000764400000| Untracked 
|  29|0x0000000764600000, 0x0000000764600000, 0x0000000764800000|  0%| F|  |TAMS 0x0000000764600000, 0x0000000764600000| Untracked 
|  30|0x0000000764800000, 0x0000000764800000, 0x0000000764a00000|  0%| F|  |TAMS 0x0000000764800000, 0x0000000764800000| Untracked 
|  31|0x0000000764a00000, 0x0000000764a00000, 0x0000000764c00000|  0%| F|  |TAMS 0x0000000764a00000, 0x0000000764a00000| Untracked 
|  32|0x0000000764c00000, 0x0000000764c00000, 0x0000000764e00000|  0%| F|  |TAMS 0x0000000764c00000, 0x0000000764c00000| Untracked 
|  33|0x0000000764e00000, 0x0000000764e00000, 0x0000000765000000|  0%| F|  |TAMS 0x0000000764e00000, 0x0000000764e00000| Untracked 
|  34|0x0000000765000000, 0x0000000765000000, 0x0000000765200000|  0%| F|  |TAMS 0x0000000765000000, 0x0000000765000000| Untracked 
|  35|0x0000000765200000, 0x0000000765200000, 0x0000000765400000|  0%| F|  |TAMS 0x0000000765200000, 0x0000000765200000| Untracked 
|  36|0x0000000765400000, 0x0000000765400000, 0x0000000765600000|  0%| F|  |TAMS 0x0000000765400000, 0x0000000765400000| Untracked 
|  37|0x0000000765600000, 0x0000000765600000, 0x0000000765800000|  0%| F|  |TAMS 0x0000000765600000, 0x0000000765600000| Untracked 
|  38|0x0000000765800000, 0x0000000765800000, 0x0000000765a00000|  0%| F|  |TAMS 0x0000000765800000, 0x0000000765800000| Untracked 
|  39|0x0000000765a00000, 0x0000000765a00000, 0x0000000765c00000|  0%| F|  |TAMS 0x0000000765a00000, 0x0000000765a00000| Untracked 
|  40|0x0000000765c00000, 0x0000000765c00000, 0x0000000765e00000|  0%| F|  |TAMS 0x0000000765c00000, 0x0000000765c00000| Untracked 
|  41|0x0000000765e00000, 0x0000000765e00000, 0x0000000766000000|  0%| F|  |TAMS 0x0000000765e00000, 0x0000000765e00000| Untracked 
|  42|0x0000000766000000, 0x0000000766000000, 0x0000000766200000|  0%| F|  |TAMS 0x0000000766000000, 0x0000000766000000| Untracked 
|  43|0x0000000766200000, 0x0000000766200000, 0x0000000766400000|  0%| F|  |TAMS 0x0000000766200000, 0x0000000766200000| Untracked 
|  44|0x0000000766400000, 0x0000000766400000, 0x0000000766600000|  0%| F|  |TAMS 0x0000000766400000, 0x0000000766400000| Untracked 
|  45|0x0000000766600000, 0x0000000766600000, 0x0000000766800000|  0%| F|  |TAMS 0x0000000766600000, 0x0000000766600000| Untracked 
|  46|0x0000000766800000, 0x0000000766800000, 0x0000000766a00000|  0%| F|  |TAMS 0x0000000766800000, 0x0000000766800000| Untracked 
|  47|0x0000000766a00000, 0x0000000766a00000, 0x0000000766c00000|  0%| F|  |TAMS 0x0000000766a00000, 0x0000000766a00000| Untracked 
|  48|0x0000000766c00000, 0x0000000766c00000, 0x0000000766e00000|  0%| F|  |TAMS 0x0000000766c00000, 0x0000000766c00000| Untracked 
|  49|0x0000000766e00000, 0x0000000766e00000, 0x0000000767000000|  0%| F|  |TAMS 0x0000000766e00000, 0x0000000766e00000| Untracked 
|  50|0x0000000767000000, 0x0000000767000000, 0x0000000767200000|  0%| F|  |TAMS 0x0000000767000000, 0x0000000767000000| Untracked 
|  51|0x0000000767200000, 0x0000000767200000, 0x0000000767400000|  0%| F|  |TAMS 0x0000000767200000, 0x0000000767200000| Untracked 
|  52|0x0000000767400000, 0x0000000767400000, 0x0000000767600000|  0%| F|  |TAMS 0x0000000767400000, 0x0000000767400000| Untracked 
|  53|0x0000000767600000, 0x0000000767600000, 0x0000000767800000|  0%| F|  |TAMS 0x0000000767600000, 0x0000000767600000| Untracked 
|  54|0x0000000767800000, 0x0000000767800000, 0x0000000767a00000|  0%| F|  |TAMS 0x0000000767800000, 0x0000000767800000| Untracked 
|  55|0x0000000767a00000, 0x0000000767a00000, 0x0000000767c00000|  0%| F|  |TAMS 0x0000000767a00000, 0x0000000767a00000| Untracked 
|  56|0x0000000767c00000, 0x0000000767c00000, 0x0000000767e00000|  0%| F|  |TAMS 0x0000000767c00000, 0x0000000767c00000| Untracked 
|  57|0x0000000767e00000, 0x0000000767e00000, 0x0000000768000000|  0%| F|  |TAMS 0x0000000767e00000, 0x0000000767e00000| Untracked 
|  58|0x0000000768000000, 0x0000000768000000, 0x0000000768200000|  0%| F|  |TAMS 0x0000000768000000, 0x0000000768000000| Untracked 
|  59|0x0000000768200000, 0x0000000768200000, 0x0000000768400000|  0%| F|  |TAMS 0x0000000768200000, 0x0000000768200000| Untracked 
|  60|0x0000000768400000, 0x0000000768400000, 0x0000000768600000|  0%| F|  |TAMS 0x0000000768400000, 0x0000000768400000| Untracked 
|  61|0x0000000768600000, 0x0000000768600000, 0x0000000768800000|  0%| F|  |TAMS 0x0000000768600000, 0x0000000768600000| Untracked 
|  62|0x0000000768800000, 0x0000000768800000, 0x0000000768a00000|  0%| F|  |TAMS 0x0000000768800000, 0x0000000768800000| Untracked 
|  63|0x0000000768a00000, 0x0000000768a00000, 0x0000000768c00000|  0%| F|  |TAMS 0x0000000768a00000, 0x0000000768a00000| Untracked 
|  64|0x0000000768c00000, 0x0000000768c00000, 0x0000000768e00000|  0%| F|  |TAMS 0x0000000768c00000, 0x0000000768c00000| Untracked 
|  65|0x0000000768e00000, 0x0000000768e00000, 0x0000000769000000|  0%| F|  |TAMS 0x0000000768e00000, 0x0000000768e00000| Untracked 
|  66|0x0000000769000000, 0x0000000769000000, 0x0000000769200000|  0%| F|  |TAMS 0x0000000769000000, 0x0000000769000000| Untracked 
|  67|0x0000000769200000, 0x0000000769400000, 0x0000000769400000|100%| S|CS|TAMS 0x0000000769200000, 0x0000000769200000| Complete 
|  68|0x0000000769400000, 0x0000000769600000, 0x0000000769600000|100%| S|CS|TAMS 0x0000000769400000, 0x0000000769400000| Complete 
|  69|0x0000000769600000, 0x0000000769600000, 0x0000000769800000|  0%| F|  |TAMS 0x0000000769600000, 0x0000000769600000| Untracked 
|  70|0x0000000769800000, 0x0000000769800000, 0x0000000769a00000|  0%| F|  |TAMS 0x0000000769800000, 0x0000000769800000| Untracked 
|  71|0x0000000769a00000, 0x0000000769a00000, 0x0000000769c00000|  0%| F|  |TAMS 0x0000000769a00000, 0x0000000769a00000| Untracked 
|  72|0x0000000769c00000, 0x0000000769c00000, 0x0000000769e00000|  0%| F|  |TAMS 0x0000000769c00000, 0x0000000769c00000| Untracked 
|  73|0x0000000769e00000, 0x0000000769e00000, 0x000000076a000000|  0%| F|  |TAMS 0x0000000769e00000, 0x0000000769e00000| Untracked 
|  74|0x000000076a000000, 0x000000076a000000, 0x000000076a200000|  0%| F|  |TAMS 0x000000076a000000, 0x000000076a000000| Untracked 
|  75|0x000000076a200000, 0x000000076a200000, 0x000000076a400000|  0%| F|  |TAMS 0x000000076a200000, 0x000000076a200000| Untracked 
|  76|0x000000076a400000, 0x000000076a400000, 0x000000076a600000|  0%| F|  |TAMS 0x000000076a400000, 0x000000076a400000| Untracked 
|  77|0x000000076a600000, 0x000000076a600000, 0x000000076a800000|  0%| F|  |TAMS 0x000000076a600000, 0x000000076a600000| Untracked 
|  78|0x000000076a800000, 0x000000076a800000, 0x000000076aa00000|  0%| F|  |TAMS 0x000000076a800000, 0x000000076a800000| Untracked 
|  79|0x000000076aa00000, 0x000000076ab59798, 0x000000076ac00000| 67%| E|  |TAMS 0x000000076aa00000, 0x000000076aa00000| Complete 

Card table byte_map: [0x000001c5fca00000,0x000001c5fcf00000] _byte_map_base: 0x000001c5f8efa000

Marking Bits (Prev, Next): (CMBitMap*) 0x000001c5f9362580, (CMBitMap*) 0x000001c5f93625c0
 Prev Bits: [0x000001c5fd400000, 0x000001c5ffbd0000)
 Next Bits: [0x000001c5877d0000, 0x000001c589fa0000)

Polling page: 0x000001c5f7290000

Metaspace:

Usage:
  Non-class:      5.42 MB used.
      Class:    797.36 KB used.
       Both:      6.19 MB used.

Virtual space:
  Non-class space:       64.00 MB reserved,       5.50 MB (  9%) committed,  1 nodes.
      Class space:        1.00 GB reserved,     896.00 KB ( <1%) committed,  1 nodes.
             Both:        1.06 GB reserved,       6.38 MB ( <1%) committed. 

Chunk freelists:
   Non-Class:  9.61 MB
       Class:  15.05 MB
        Both:  24.66 MB

MaxMetaspaceSize: unlimited
CompressedClassSpaceSize: 1.00 GB
Initial GC threshold: 21.00 MB
Current GC threshold: 21.00 MB
CDS: on
MetaspaceReclaimPolicy: balanced
 - commit_granule_bytes: 65536.
 - commit_granule_words: 8192.
 - virtual_space_node_default_size: 8388608.
 - enlarge_chunks_in_place: 1.
 - new_chunks_are_fully_committed: 0.
 - uncommit_free_chunks: 1.
 - use_allocation_guard: 0.
 - handle_deallocations: 1.


Internal statistics:

num_allocs_failed_limit: 0.
num_arena_births: 132.
num_arena_deaths: 0.
num_vsnodes_births: 2.
num_vsnodes_deaths: 0.
num_space_committed: 102.
num_space_uncommitted: 0.
num_chunks_returned_to_freelist: 0.
num_chunks_taken_from_freelist: 220.
num_chunk_merges: 0.
num_chunk_splits: 149.
num_chunks_enlarged: 96.
num_purges: 0.
num_inconsistent_stats: 0.

CodeCache: size=49152Kb used=3383Kb max_used=3383Kb free=45768Kb
 bounds [0x000001c5f93e0000, 0x000001c5f9730000, 0x000001c5fc3e0000]
 total_blobs=1636 nmethods=1186 adapters=377
 compilation: enabled
              stopped_count=0, restarted_count=0
 full_count=0

Compilation events (20 events):
Event: 1.043 Thread 0x000001c58c67c820 nmethod 1173 0x000001c5f9728d10 code [0x000001c5f9728f60, 0x000001c5f9729928]
Event: 1.043 Thread 0x000001c58c67c820 1177       1       java.lang.ClassLoader::getDefinedPackage (36 bytes)
Event: 1.043 Thread 0x000001c58c898080 nmethod 1176 0x000001c5f9729e10 code [0x000001c5f972a0c0, 0x000001c5f972a9a8]
Event: 1.043 Thread 0x000001c58c898080 1179       1       java.util.zip.CRC32::<init> (5 bytes)
Event: 1.043 Thread 0x000001c58c898080 nmethod 1179 0x000001c5f972ad90 code [0x000001c5f972af20, 0x000001c5f972afd8]
Event: 1.043 Thread 0x000001c58c898080 1180       1       jdk.internal.loader.URLClassPath$JarLoader$2::getCodeSourceURL (8 bytes)
Event: 1.043 Thread 0x000001c58c898080 nmethod 1180 0x000001c5f972b090 code [0x000001c5f972b220, 0x000001c5f972b2f8]
Event: 1.043 Thread 0x000001c58c898080 1181       1       jdk.internal.loader.URLClassPath$JarLoader$2::getManifest (26 bytes)
Event: 1.043 Thread 0x000001c58c67c820 nmethod 1177 0x000001c5f972b390 code [0x000001c5f972b560, 0x000001c5f972b7a8]
Event: 1.044 Thread 0x000001c58c67c820 1178       1       jdk.internal.loader.Resource::getByteBuffer (24 bytes)
Event: 1.044 Thread 0x000001c58c898080 nmethod 1181 0x000001c5f972b910 code [0x000001c5f972bb00, 0x000001c5f972bdc8]
Event: 1.044 Thread 0x000001c58c898080 1182       1       java.lang.ClassLoader::postDefineClass (39 bytes)
Event: 1.044 Thread 0x000001c58c67c820 nmethod 1178 0x000001c5f972c090 code [0x000001c5f972c260, 0x000001c5f972c5b8]
Event: 1.044 Thread 0x000001c58c898080 nmethod 1182 0x000001c5f972c690 code [0x000001c5f972c860, 0x000001c5f972c9f8]
Event: 1.044 Thread 0x000001c58c898080 1183       1       java.util.concurrent.CopyOnWriteArrayList::getArray (5 bytes)
Event: 1.044 Thread 0x000001c58c898080 nmethod 1183 0x000001c5f972cb90 code [0x000001c5f972cd20, 0x000001c5f972cdf8]
Event: 1.047 Thread 0x000001c58c898080 1184   !   1       java.util.zip.ZipFile$CleanableResource::releaseInflater (53 bytes)
Event: 1.047 Thread 0x000001c58c67c820 1185   !   1       java.util.zip.Inflater::reset (64 bytes)
Event: 1.047 Thread 0x000001c58c898080 nmethod 1184 0x000001c5f972d290 code [0x000001c5f972d460, 0x000001c5f972d708]
Event: 1.047 Thread 0x000001c58c67c820 nmethod 1185 0x000001c5f972d910 code [0x000001c5f972dac0, 0x000001c5f972dd98]

GC Heap History (2 events):
Event: 0.998 GC heap before
{Heap before GC invocations=0 (full 0):
 garbage-first heap   total 163840K, used 20480K [0x0000000760c00000, 0x0000000800000000)
  region size 2048K, 11 young (22528K), 0 survivors (0K)
 Metaspace       used 6133K, committed 6336K, reserved 1114112K
  class space    used 762K, committed 832K, reserved 1048576K
}
Event: 1.005 GC heap after
{Heap after GC invocations=1 (full 0):
 garbage-first heap   total 163840K, used 9109K [0x0000000760c00000, 0x0000000800000000)
  region size 2048K, 2 young (4096K), 2 survivors (4096K)
 Metaspace       used 6133K, committed 6336K, reserved 1114112K
  class space    used 762K, committed 832K, reserved 1048576K
}

Deoptimization events (0 events):
No events

Classes unloaded (0 events):
No events

Classes redefined (0 events):
No events

Internal exceptions (18 events):
Event: 0.309 Thread 0x000001c5f93123a0 Exception <a 'java/lang/NoSuchMethodError'{0x000000076a128708}: 'java.lang.Object java.lang.invoke.DirectMethodHandle$Holder.invokeStaticInit(java.lang.Object)'> (0x000000076a128708) 
thrown [s\open\src\hotspot\share\interpreter\linkResolver.cpp, line 759]
Event: 0.357 Thread 0x000001c5f93123a0 Exception <a 'java/lang/NoSuchMethodError'{0x000000076a143840}: 'int java.lang.invoke.DirectMethodHandle$Holder.invokeInterface(java.lang.Object, java.lang.Object)'> (0x000000076a143840) 
thrown [s\open\src\hotspot\share\interpreter\linkResolver.cpp, line 759]
Event: 0.358 Thread 0x000001c5f93123a0 Exception <a 'java/lang/IncompatibleClassChangeError'{0x000000076a146e40}: Found class java.lang.Object, but interface was expected> (0x000000076a146e40) 
thrown [s\open\src\hotspot\share\interpreter\linkResolver.cpp, line 826]
Event: 0.359 Thread 0x000001c5f93123a0 Exception <a 'java/lang/NoSuchMethodError'{0x000000076a14ca80}: 'void java.lang.invoke.DirectMethodHandle$Holder.invokeStatic(java.lang.Object, java.lang.Object)'> (0x000000076a14ca80) 
thrown [s\open\src\hotspot\share\interpreter\linkResolver.cpp, line 759]
Event: 0.439 Thread 0x000001c5f93123a0 Exception <a 'java/lang/NoSuchMethodError'{0x0000000769e19648}: 'int java.lang.invoke.DirectMethodHandle$Holder.invokeSpecial(java.lang.Object, java.lang.Object, java.lang.Object)'> (0x0000000769e19648) 
thrown [s\open\src\hotspot\share\interpreter\linkResolver.cpp, line 759]
Event: 0.501 Thread 0x000001c5f93123a0 Exception <a 'java/lang/NoSuchMethodError'{0x0000000769f88568}: 'void java.lang.invoke.DirectMethodHandle$Holder.invokeStatic(java.lang.Object, java.lang.Object, java.lang.Object)'> (0x0000000769f88568) 
thrown [s\open\src\hotspot\share\interpreter\linkResolver.cpp, line 759]
Event: 0.535 Thread 0x000001c5f93123a0 Exception <a 'java/lang/NoSuchMethodError'{0x0000000769fcc640}: 'int java.lang.invoke.DirectMethodHandle$Holder.invokeSpecialIFC(java.lang.Object, java.lang.Object, java.lang.Object)'> (0x0000000769fcc640) 
thrown [s\open\src\hotspot\share\interpreter\linkResolver.cpp, line 759]
Event: 0.574 Thread 0x000001c5f93123a0 Exception <a 'java/lang/NoSuchMethodError'{0x0000000769c42e68}: 'java.lang.Object java.lang.invoke.DirectMethodHandle$Holder.invokeStaticInit(java.lang.Object, int, int, int, int)'> (0x0000000769c42e68) 
thrown [s\open\src\hotspot\share\interpreter\linkResolver.cpp, line 759]
Event: 0.729 Thread 0x000001c5f93123a0 Exception <a 'java/lang/NoSuchMethodError'{0x0000000769d173a0}: 'java.lang.Object java.lang.invoke.DirectMethodHandle$Holder.invokeStaticInit(java.lang.Object, java.lang.Object, int, int, int, int)'> (0x0000000769d173a0) 
thrown [s\open\src\hotspot\share\interpreter\linkResolver.cpp, line 759]
Event: 0.740 Thread 0x000001c5f93123a0 Exception <a 'java/lang/ClassNotFoundException'{0x0000000769d32b18}: javax/management/remote/rmi/RMIServerImpl_Skel> (0x0000000769d32b18) 
thrown [s\open\src\hotspot\share\classfile\systemDictionary.cpp, line 256]
Event: 0.779 Thread 0x000001c5f93123a0 Exception <a 'java/lang/ClassNotFoundException'{0x0000000769d777b8}: jdk/internal/agent/resources/spi/agentProvider> (0x0000000769d777b8) 
thrown [s\open\src\hotspot\share\classfile\systemDictionary.cpp, line 256]
Event: 0.880 Thread 0x000001c5f93123a0 Exception <a 'java/lang/ClassNotFoundException'{0x000000076985ab40}: javax/smartcardio/CardPermission> (0x000000076985ab40) 
thrown [s\open\src\hotspot\share\classfile\systemDictionary.cpp, line 256]
Event: 0.884 Thread 0x000001c5f93123a0 Exception <a 'java/io/FileNotFoundException'{0x0000000769868fe0}> (0x0000000769868fe0) 
thrown [s\open\src\hotspot\share\prims\jni.cpp, line 516]
Event: 0.899 Thread 0x000001c5f93123a0 Exception <a 'java/lang/NoSuchMethodError'{0x00000007698c6b20}: 'java.lang.Object java.lang.invoke.DirectMethodHandle$Holder.invokeSpecial(java.lang.Object, java.lang.Object, java.lang.Object, long, java.lang.Object)'> (0x00000007698c6b20) 
thrown [s\open\src\hotspot\share\interpreter\linkResolver.cpp, line 759]
Event: 0.900 Thread 0x000001c5f93123a0 Exception <a 'java/lang/NoSuchMethodError'{0x00000007698ca6f0}: 'java.lang.Object java.lang.invoke.Invokers$Holder.linkToTargetMethod(java.lang.Object, long, java.lang.Object, java.lang.Object)'> (0x00000007698ca6f0) 
thrown [s\open\src\hotspot\share\interpreter\linkResolver.cpp, line 759]
Event: 0.967 Thread 0x000001c5f93123a0 Exception <a 'java/lang/NoSuchMethodError'{0x00000007696ccf88}: 'void java.lang.invoke.DirectMethodHandle$Holder.invokeStatic(java.lang.Object, java.lang.Object, java.lang.Object, java.lang.Object)'> (0x00000007696ccf88) 
thrown [s\open\src\hotspot\share\interpreter\linkResolver.cpp, line 759]
Event: 0.996 Thread 0x000001c5f93123a0 Exception <a 'java/lang/NoSuchMethodError'{0x00000007697f1aa8}: 'int java.lang.invoke.DirectMethodHandle$Holder.invokeStaticInit(java.lang.Object, java.lang.Object)'> (0x00000007697f1aa8) 
thrown [s\open\src\hotspot\share\interpreter\linkResolver.cpp, line 759]
Event: 1.013 Thread 0x000001c5f93123a0 Exception <a 'java/lang/NoSuchMethodError'{0x000000076aa22140}: 'void java.lang.invoke.DirectMethodHandle$Holder.invokeInterface(java.lang.Object, java.lang.Object, java.lang.Object, java.lang.Object)'> (0x000000076aa22140) 
thrown [s\open\src\hotspot\share\interpreter\linkResolver.cpp, line 759]

VM Operations (16 events):
Event: 0.132 Executing VM operation: HandshakeAllThreads
Event: 0.132 Executing VM operation: HandshakeAllThreads done
Event: 0.370 Executing VM operation: HandshakeAllThreads
Event: 0.370 Executing VM operation: HandshakeAllThreads done
Event: 0.372 Executing VM operation: HandshakeAllThreads
Event: 0.372 Executing VM operation: HandshakeAllThreads done
Event: 0.516 Executing VM operation: HandshakeAllThreads
Event: 0.516 Executing VM operation: HandshakeAllThreads done
Event: 0.560 Executing VM operation: HandshakeAllThreads
Event: 0.560 Executing VM operation: HandshakeAllThreads done
Event: 0.839 Executing VM operation: HandshakeAllThreads
Event: 0.839 Executing VM operation: HandshakeAllThreads done
Event: 0.843 Executing VM operation: HandshakeAllThreads
Event: 0.843 Executing VM operation: HandshakeAllThreads done
Event: 0.998 Executing VM operation: G1CollectForAllocation
Event: 1.005 Executing VM operation: G1CollectForAllocation done

Events (20 events):
Event: 0.978 loading class java/net/HttpURLConnection
Event: 0.979 loading class java/net/HttpURLConnection done
Event: 0.981 loading class java/net/URLDecoder
Event: 0.981 loading class java/net/URLDecoder done
Event: 0.981 loading class java/net/URLEncoder
Event: 0.981 loading class java/net/URLEncoder done
Event: 0.986 loading class java/util/ImmutableCollections$Access
Event: 0.986 loading class java/util/ImmutableCollections$Access done
Event: 0.986 loading class java/util/ImmutableCollections$Access$1
Event: 0.986 loading class jdk/internal/access/JavaUtilCollectionAccess
Event: 0.986 loading class jdk/internal/access/JavaUtilCollectionAccess done
Event: 0.986 loading class java/util/ImmutableCollections$Access$1 done
Event: 0.996 loading class java/lang/reflect/UndeclaredThrowableException
Event: 0.996 loading class java/lang/reflect/UndeclaredThrowableException done
Event: 1.036 loading class java/lang/NoSuchFieldError
Event: 1.036 loading class java/lang/NoSuchFieldError done
Event: 1.036 loading class java/lang/FunctionalInterface
Event: 1.036 loading class java/lang/FunctionalInterface done
Event: 1.039 loading class java/util/NoSuchElementException
Event: 1.039 loading class java/util/NoSuchElementException done


Dynamic libraries:
0x00007ff7c7a00000 - 0x00007ff7c7a10000 	C:\Program Files\Java\jdk-17\bin\javaw.exe
0x00007ffa2bc70000 - 0x00007ffa2be65000 	C:\WINDOWS\SYSTEM32\ntdll.dll
0x00007ffa2a5f0000 - 0x00007ffa2a6ad000 	C:\WINDOWS\System32\KERNEL32.DLL
0x00007ffa29780000 - 0x00007ffa29a4d000 	C:\WINDOWS\System32\KERNELBASE.dll
0x00007ffa29380000 - 0x00007ffa29480000 	C:\WINDOWS\System32\ucrtbase.dll
0x00007ffa10540000 - 0x00007ffa10559000 	C:\Program Files\Java\jdk-17\bin\jli.dll
0x00007ff9f3a00000 - 0x00007ff9f3a1b000 	C:\Program Files\Java\jdk-17\bin\VCRUNTIME140.dll
0x00007ffa29d90000 - 0x00007ffa29e3e000 	C:\WINDOWS\System32\ADVAPI32.dll
0x00007ffa2bb30000 - 0x00007ffa2bbce000 	C:\WINDOWS\System32\msvcrt.dll
0x00007ffa2b120000 - 0x00007ffa2b1bc000 	C:\WINDOWS\System32\sechost.dll
0x00007ffa2b790000 - 0x00007ffa2b8b5000 	C:\WINDOWS\System32\RPCRT4.dll
0x00007ffa2a3a0000 - 0x00007ffa2a540000 	C:\WINDOWS\System32\USER32.dll
0x00007ffa296e0000 - 0x00007ffa29702000 	C:\WINDOWS\System32\win32u.dll
0x00007ffa16270000 - 0x00007ffa1650a000 	C:\WINDOWS\WinSxS\amd64_microsoft.windows.common-controls_6595b64144ccf1df_6.0.19041.1110_none_60b5254171f9507e\COMCTL32.dll
0x00007ffa2b1f0000 - 0x00007ffa2b21a000 	C:\WINDOWS\System32\GDI32.dll
0x00007ffa29b10000 - 0x00007ffa29c1b000 	C:\WINDOWS\System32\gdi32full.dll
0x00007ffa29c20000 - 0x00007ffa29cbd000 	C:\WINDOWS\System32\msvcp_win.dll
0x00007ffa20eb0000 - 0x00007ffa20eba000 	C:\WINDOWS\SYSTEM32\VERSION.dll
0x00007ffa2ae60000 - 0x00007ffa2ae90000 	C:\WINDOWS\System32\IMM32.DLL
0x00007ffa1e810000 - 0x00007ffa1e81c000 	C:\Program Files\Java\jdk-17\bin\vcruntime140_1.dll
0x00007ff9e2880000 - 0x00007ff9e290e000 	C:\Program Files\Java\jdk-17\bin\msvcp140.dll
0x00007ff9b9700000 - 0x00007ff9ba2de000 	C:\Program Files\Java\jdk-17\bin\server\jvm.dll
0x00007ffa29cc0000 - 0x00007ffa29cc8000 	C:\WINDOWS\System32\PSAPI.DLL
0x00007ffa20ec0000 - 0x00007ffa20ee7000 	C:\WINDOWS\SYSTEM32\WINMM.dll
0x00007ffa13570000 - 0x00007ffa13579000 	C:\WINDOWS\SYSTEM32\WSOCK32.dll
0x00007ffa2b9f0000 - 0x00007ffa2ba5b000 	C:\WINDOWS\System32\WS2_32.dll
0x00007ffa27240000 - 0x00007ffa27252000 	C:\WINDOWS\SYSTEM32\kernel.appcore.dll
0x00007ffa1e760000 - 0x00007ffa1e76a000 	C:\Program Files\Java\jdk-17\bin\jimage.dll
0x00007ffa1ba50000 - 0x00007ffa1bc34000 	C:\WINDOWS\SYSTEM32\DBGHELP.DLL
0x00007ffa132b0000 - 0x00007ffa132dc000 	C:\WINDOWS\SYSTEM32\dbgcore.DLL
0x00007ffa29a50000 - 0x00007ffa29ad2000 	C:\WINDOWS\System32\bcryptPrimitives.dll
0x00007ff9e9280000 - 0x00007ff9e92a5000 	C:\Program Files\Java\jdk-17\bin\java.dll
0x00007ff9e2210000 - 0x00007ff9e22e7000 	C:\Program Files\Java\jdk-17\bin\jsvml.dll
0x00007ffa2a710000 - 0x00007ffa2ae54000 	C:\WINDOWS\System32\SHELL32.dll
0x00007ffa27440000 - 0x00007ffa27bd4000 	C:\WINDOWS\SYSTEM32\windows.storage.dll
0x00007ffa29fe0000 - 0x00007ffa2a334000 	C:\WINDOWS\System32\combase.dll
0x00007ffa28d10000 - 0x00007ffa28d3c000 	C:\WINDOWS\SYSTEM32\Wldp.dll
0x00007ffa29cd0000 - 0x00007ffa29d7d000 	C:\WINDOWS\System32\SHCORE.dll
0x00007ffa2bbd0000 - 0x00007ffa2bc25000 	C:\WINDOWS\System32\shlwapi.dll
0x00007ffa292c0000 - 0x00007ffa292df000 	C:\WINDOWS\SYSTEM32\profapi.dll
0x00007ff9e9160000 - 0x00007ff9e9179000 	C:\Program Files\Java\jdk-17\bin\net.dll
0x00007ffa230a0000 - 0x00007ffa231aa000 	C:\WINDOWS\SYSTEM32\WINHTTP.dll
0x00007ffa28a20000 - 0x00007ffa28a8a000 	C:\WINDOWS\system32\mswsock.dll
0x00007ff9e8d00000 - 0x00007ff9e8d16000 	C:\Program Files\Java\jdk-17\bin\nio.dll
0x00007ff9e2f10000 - 0x00007ff9e2f28000 	C:\Program Files\Java\jdk-17\bin\zip.dll
0x00007ffa1e1a0000 - 0x00007ffa1e1aa000 	C:\Program Files\Java\jdk-17\bin\management.dll
0x00007ffa1e040000 - 0x00007ffa1e04b000 	C:\Program Files\Java\jdk-17\bin\management_ext.dll
0x00007ffa14ff0000 - 0x00007ffa15007000 	C:\WINDOWS\system32\napinsp.dll
0x00007ffa13250000 - 0x00007ffa1326b000 	C:\WINDOWS\system32\pnrpnsp.dll
0x00007ffa1ccd0000 - 0x00007ffa1cce5000 	C:\WINDOWS\system32\wshbth.dll
0x00007ffa24d30000 - 0x00007ffa24d4d000 	C:\WINDOWS\system32\NLAapi.dll
0x00007ffa28720000 - 0x00007ffa2875b000 	C:\WINDOWS\SYSTEM32\IPHLPAPI.DLL
0x00007ffa28760000 - 0x00007ffa2882b000 	C:\WINDOWS\SYSTEM32\DNSAPI.dll
0x00007ffa29d80000 - 0x00007ffa29d88000 	C:\WINDOWS\System32\NSI.dll
0x00007ffa12720000 - 0x00007ffa12732000 	C:\WINDOWS\System32\winrnr.dll
0x00007ffa1b440000 - 0x00007ffa1b44a000 	C:\Windows\System32\rasadhlp.dll
0x00007ffa214f0000 - 0x00007ffa21570000 	C:\WINDOWS\System32\fwpuclnt.dll
0x00007ffa29ae0000 - 0x00007ffa29b07000 	C:\WINDOWS\System32\bcrypt.dll
0x00007ffa28bd0000 - 0x00007ffa28be8000 	C:\WINDOWS\SYSTEM32\CRYPTSP.dll
0x00007ffa283b0000 - 0x00007ffa283e4000 	C:\WINDOWS\system32\rsaenh.dll
0x00007ffa29240000 - 0x00007ffa2926e000 	C:\WINDOWS\SYSTEM32\USERENV.dll
0x00007ffa28bf0000 - 0x00007ffa28bfc000 	C:\WINDOWS\SYSTEM32\CRYPTBASE.dll
0x00007ffa22c30000 - 0x00007ffa22c47000 	C:\WINDOWS\SYSTEM32\dhcpcsvc6.DLL
0x00007ffa22e30000 - 0x00007ffa22e4d000 	C:\WINDOWS\SYSTEM32\dhcpcsvc.DLL

dbghelp: loaded successfully - version: 4.0.5 - missing functions: none
symbol engine: initialized successfully - sym options: 0x614 - pdb path: .;C:\Program Files\Java\jdk-17\bin;C:\WINDOWS\SYSTEM32;C:\WINDOWS\WinSxS\amd64_microsoft.windows.common-controls_6595b64144ccf1df_6.0.19041.1110_none_60b5254171f9507e;C:\Program Files\Java\jdk-17\bin\server

VM Arguments:
jvm_args: -Dcom.sun.management.jmxremote -Dcom.sun.management.jmxremote.port=50650 -Dcom.sun.management.jmxremote.authenticate=false -Dcom.sun.management.jmxremote.ssl=false -Djava.rmi.server.hostname=localhost -Dspring.jmx.enabled=true -Dmanagement.endpoints.jmx.exposure.include=* -Dspring.application.admin.enabled=true -XX:TieredStopAtLevel=1 -Dspring.boot.project.name=BACK -Dfile.encoding=UTF-8 -Dstdout.encoding=UTF-8 -Dstderr.encoding=UTF-8 -XX:+ShowCodeDetailsInExceptionMessages 
java_command: com.pruebaOL.demo.PruebaolApplication --spring.output.ansi.enabled=always
java_class_path (initial): C:\PRUBEATECNICAOL\BACK\target\classes;C:\Users\catal\.m2\repository\org\springframework\boot\spring-boot-starter-security\3.4.1\spring-boot-starter-security-3.4.1.jar;C:\Users\catal\.m2\repository\org\springframework\boot\spring-boot-starter\3.4.1\spring-boot-starter-3.4.1.jar;C:\Users\catal\.m2\repository\org\springframework\boot\spring-boot\3.4.1\spring-boot-3.4.1.jar;C:\Users\catal\.m2\repository\org\springframework\boot\spring-boot-autoconfigure\3.4.1\spring-boot-autoconfigure-3.4.1.jar;C:\Users\catal\.m2\repository\org\springframework\boot\spring-boot-starter-logging\3.4.1\spring-boot-starter-logging-3.4.1.jar;C:\Users\catal\.m2\repository\ch\qos\logback\logback-classic\1.5.12\logback-classic-1.5.12.jar;C:\Users\catal\.m2\repository\ch\qos\logback\logback-core\1.5.12\logback-core-1.5.12.jar;C:\Users\catal\.m2\repository\org\apache\logging\log4j\log4j-to-slf4j\2.24.3\log4j-to-slf4j-2.24.3.jar;C:\Users\catal\.m2\repository\org\apache\logging\log4j\log4j-api\2.24.3\log4j-api-2.24.3.jar;C:\Users\catal\.m2\repository\org\slf4j\jul-to-slf4j\2.0.16\jul-to-slf4j-2.0.16.jar;C:\Users\catal\.m2\repository\jakarta\annotation\jakarta.annotation-api\2.1.1\jakarta.annotation-api-2.1.1.jar;C:\Users\catal\.m2\repository\org\yaml\snakeyaml\2.3\snakeyaml-2.3.jar;C:\Users\catal\.m2\repository\org\springframework\spring-aop\6.2.1\spring-aop-6.2.1.jar;C:\Users\catal\.m2\repository\org\springframework\spring-beans\6.2.1\spring-beans-6.2.1.jar;C:\Users\catal\.m2\repository\org\springframework\security\spring-security-config\6.4.2\spring-security-config-6.4.2.jar;C:\Users\catal\.m2\repository\org\springframework\spring-context\6.2.1\spring-context-6.2.1.jar;C:\Users\catal\.m2\repository\org\springframework\security\spring-security-web\6.4.2\spring-security-web-6.4.2.jar;C:\Users\catal\.m2\repository\org\springframework\spring-expression\6.2.1\spring-expression-6.2.1.jar;C:\Users\catal\.m2\repository\org\springframework\boot\spring-boot-starter-web\3.4.1\sp
Launcher Type: SUN_STANDARD

[Global flags]
     intx CICompilerCount                          = 4                                         {product} {ergonomic}
     uint ConcGCThreads                            = 2                                         {product} {ergonomic}
     uint G1ConcRefinementThreads                  = 8                                         {product} {ergonomic}
   size_t G1HeapRegionSize                         = 2097152                                   {product} {ergonomic}
    uintx GCDrainStackTargetSize                   = 64                                        {product} {ergonomic}
   size_t InitialHeapSize                          = 167772160                                 {product} {ergonomic}
     bool ManagementServer                         = true                                      {product} {command line}
   size_t MarkStackSize                            = 4194304                                   {product} {ergonomic}
   size_t MaxHeapSize                              = 2671771648                                {product} {ergonomic}
   size_t MaxNewSize                               = 1602224128                                {product} {ergonomic}
   size_t MinHeapDeltaBytes                        = 2097152                                   {product} {ergonomic}
   size_t MinHeapSize                              = 8388608                                   {product} {ergonomic}
    uintx NonProfiledCodeHeapSize                  = 0                                      {pd product} {ergonomic}
     bool ProfileInterpreter                       = false                                  {pd product} {command line}
    uintx ProfiledCodeHeapSize                     = 0                                      {pd product} {ergonomic}
     bool ShowCodeDetailsInExceptionMessages       = true                                   {manageable} {command line}
   size_t SoftMaxHeapSize                          = 2671771648                             {manageable} {ergonomic}
     intx TieredStopAtLevel                        = 1                                         {product} {command line}
     bool UseCompressedClassPointers               = true                           {product lp64_product} {ergonomic}
     bool UseCompressedOops                        = true                           {product lp64_product} {ergonomic}
     bool UseG1GC                                  = true                                      {product} {ergonomic}
     bool UseLargePagesIndividualAllocation        = false                                  {pd product} {ergonomic}

Logging:
Log output configuration:
 #0: stdout all=warning uptime,level,tags
 #1: stderr all=off uptime,level,tags

Environment Variables:
JAVA_HOME=C:\Program Files\Java\jdk-17
PATH=C:/Users/catal/OneDrive/Documentos/sts-4.27.0.RELEASE//plugins/org.eclipse.justj.openjdk.hotspot.jre.full.win32.x86_64_21.0.5.v20241023-1957/jre/bin/server;C:/Users/catal/OneDrive/Documentos/sts-4.27.0.RELEASE//plugins/org.eclipse.justj.openjdk.hotspot.jre.full.win32.x86_64_21.0.5.v20241023-1957/jre/bin;C:\ORACLE21\bin;C:\Program Files\Amazon Corretto\jdk17.0.9_8\bin;C:\Program Files\Common Files\Oracle\Java\javapath;C:\Program Files (x86)\Common Files\Oracle\Java\javapath;C:\app\catal\product\21c\dbhomeXE\bin;C:\Users\catal\dbhomeXE\bin;C:\Program Files\Java\jdk1.8.0_202\bin;C:\Program Files\Microsoft MPI\Bin\;C:\WINDOWS\system32;C:\WINDOWS;C:\WINDOWS\System32\Wbem;C:\WINDOWS\System32\WindowsPowerShell\v1.0\;C:\WINDOWS\System32\OpenSSH\;C:\MinGW\bin;C:\MinGW\msys\1.0\bin;C:\MinGW\freeglut\bin;C:\Program Files\dotnet\;C:\Program Files\Microsoft SQL Server\130\Tools\Binn\;C:\Program Files\Docker\Docker\resources\bin;C:\ProgramData\DockerDesktop\version-bin;C:\Program Files\Git\cmd;C:\Users\catal\OneDrive\Documentos\flutter\flutter\bin;C:\xampp\php;C:\ProgramData\ComposerSetup\bin;C:\Program Files\Go\bin;c:\Program Files (x86)\Microsoft SQL Server\110\Tools\Binn\;c:\Program Files\Microsoft SQL Server\110\Tools\Binn\;c:\Program Files\Microsoft SQL Server\110\DTS\Binn\;C:\Program Files (x86)\Microsoft SQL Server\150\DTS\Binn\;C:\Program Files\Azure Data Studio\bin;C:\Program Files\PuTTY\;C:\jdk-12.0.2;C:\Program Files\TortoiseSVN\bin;C:\Program Files\Kubernetes\Minikube;C:\Users\catal\AppData\Roaming\nvm;C:\Program Files\nodejs;C:\Program Files\nodejs\;C:\Users\catal\AppData\Local\Programs\Python\Python39\Scripts\;C:\Users\catal\AppData\Local\Programs\Python\Python39\;C:\Users\catal\AppData\Local\Microsoft\WindowsApps;C:\Users\catal\AppData\Local\Programs\Microsoft VS Code\bin;C:\Users\catal\.dotnet\tools;C:\Users\catal\AppData\Roaming\Composer\vendor\bin;C:\Users\catal\go\bin;C:\Program Files\Azure Data Studio\bin;C:\jdk-12.0.2\bin;C:\maven\bin;C:\Program Files\Mongo
USERNAME=catal
OS=Windows_NT
PROCESSOR_IDENTIFIER=AMD64 Family 23 Model 24 Stepping 1, AuthenticAMD



---------------  S Y S T E M  ---------------

OS:
 Windows 10 , 64 bit Build 19041 (10.0.19041.1706)
OS uptime: 1 days 3:19 hours
Hyper-V role detected

CPU: total 8 (initial active 8) (8 cores per cpu, 2 threads per core) family 23 model 24 stepping 1 microcode 0x0, cx8, cmov, fxsr, ht, mmx, 3dnowpref, sse, sse2, sse3, ssse3, sse4a, sse4.1, sse4.2, popcnt, lzcnt, tsc, tscinvbit, avx, avx2, aes, clmul, bmi1, bmi2, adx, sha, fma, vzeroupper, clflush, clflushopt, hv

Memory: 4k page, system-wide physical 10186M (491M free)
TotalPageFile size 22474M (AvailPageFile size 0M)
current process WorkingSet (physical memory assigned to process): 78M, peak: 78M
current process commit charge ("private bytes"): 254M, peak: 255M

vm_info: Java HotSpot(TM) 64-Bit Server VM (17.0.8+9-LTS-211) for windows-amd64 JRE (17.0.8+9-LTS-211), built on Jun 14 2023 10:34:31 by "mach5one" with MS VC++ 17.1 (VS2022)

END.
